MPASM 5.87             NEWPIC_8B_GENERAL.ASM   6-15-2023  17:27:12         PAGE  1


LOC  OBJECT CODE     LINE SOURCE TEXT
  VALUE

Warning[205]: Found directive in column 1. (List)
                      00001 List    p=16F877        ;Tipo de procesador
Warning[205]: Found directive in column 1. (include)
                      00002 include "P16F877.INC"   ;Incluye el fichero P16F877.INC que contiene la definición con los nombres 
                      00001         LIST
                      00002 
                      00003 ;==========================================================================
                      00004 ; Build date : Jan 06 2020
                      00005 ;  MPASM PIC16F877 processor include
                      00006 ; 
                      00007 ;  (c) Copyright 1999-2020 Microchip Technology, All rights reserved
                      00008 ;==========================================================================
                      00009 
                      00541         LIST
                      00003                         ;de los registros internos
                      00004                         
  00000023            00005 CONTADOR1   equ 0x23 ; Primer contador para los pasajeros.
  00000021            00006 CONTADOR2   equ 0x21 ; Segundo contador para ver cuantos cambios tiene los leds donde suben pasajeros.
  00000022            00007 CONTADOR3   equ 0x22 ; Tercer contador para ver cuantos cambios tiene los leds donde bajan pasajeros.
                      00008                      
Warning[205]: Found directive in column 1. (org)
                      00009 org             0x00 ;Dirección donde inicial el microcontrolador
Warning[203]: Found opcode in column 1. (goto)
0000   2???           00010 goto            Inicio ;Se dirige a la etiqueta Inicio.
Warning[205]: Found directive in column 1. (org)
                      00011 org             0x05            
                      00012 
0005   1683           00013 Inicio          bsf       STATUS,5 ; Va al banco 1
0006   3000           00014                 movlw     0x00
Message[302]: Register in operand not in bank 0.  Ensure that bank bits are correct.
0007   0085           00015                 movwf     TRISA  ; Configura todos los bits del PORTA como salida
Message[302]: Register in operand not in bank 0.  Ensure that bank bits are correct.
0008   0086           00016                 movwf     TRISB  ; Configura todos los bits del PORTB como salida
Message[302]: Register in operand not in bank 0.  Ensure that bank bits are correct.
0009   0087           00017                 movwf     TRISC  ; Configura todos los bits del PORTCcomo salida
000A   30FF           00018                 movlw     0xFF 
Message[302]: Register in operand not in bank 0.  Ensure that bank bits are correct.
000B   0088           00019                 movwf     TRISD  ; Configura todos los bits del PORTD como entradas
                      00020 
000C   1283           00021                 bcf       STATUS,5 ; Vuelve al Banco 0.
                      00022                 
000D   3000           00023                 movlw     0x00
000E   0085           00024                 movwf     PORTA ;Inicializa los bits de PORTA,PORTB,PORTC,PORTD en cero
000F   0086           00025                 movwf     PORTB
0010   0087           00026                 movwf     PORTC
0011   00A3           00027                 movwf     CONTADOR1
0012   00A1           00028                 movwf     CONTADOR2
0013   00A2           00029                 movwf     CONTADOR3
0014   00A3           00030                 movwf     CONTADOR1
0015   2???           00031                 call      Tabla1 ; BUSCA EL VALOR DEL DISPLAY EQUIVALENTE A DONDE SALTE CONTADOR1, EN ES
                            TE CASO 0
0016   0086           00032                 movwf     PORTB
                      00033                 
MPASM 5.87             NEWPIC_8B_GENERAL.ASM   6-15-2023  17:27:12         PAGE  2


LOC  OBJECT CODE     LINE SOURCE TEXT
  VALUE

                      00034                 
                      00035 
Warning[207]: Found label after column 1. (REINICIO)
0017                  00036                 REINICIO
                      00037                 
0017   1808           00038 VerificaBTRD1   BTFSC     PORTD,0           ; VERIFICA SE SE PRESIONO EL BOTON UBICADO EN RD0
0018   2???           00039                 GOTO      VerificaBTRD2
0019   2???           00040                 GOTO      SUBE_PASAJEROS
                      00041                 
001A   1888           00042 VerificaBTRD2   BTFSC     PORTD,1   ; VERIFICA SE SE PRESIONO EL BOTON UBICADO EN RD1
001B   2???           00043                 GOTO      VerificaBTRD3
001C   2???           00044                 GOTO      BAJA_PASAJEROS
                      00045                 
001D   1908           00046 VerificaBTRD3   BTFSC     PORTD,2   ; VERIFICA SE SE PRESIONO EL BOTON UBICADO EN RD2
001E   2???           00047                 GOTO      VerificaBTRD1
001F   2???           00048                 GOTO      REINICIO      
                      00049                 
                      00050                 
Error[116]  : Address label duplicated or different in second pass (REINICIO)
0020                  00051 REINICIO  
                      00052                 ;Inicializa CONTADOR2, CONTADOR3, CONTADOR1 en cero Y CLAREA LOS PUERTOS RESPECTIVOS
0020   3000           00053                 movlw 0x00
0021   00A1           00054                 movwf     CONTADOR2
0022   0085           00055                 movwf     PORTA 
0023   00A2           00056                 movwf     CONTADOR3
0024   0087           00057                 movwf     PORTC
0025   2???           00058                 GOTO     VerificaBTRD1
                      00059                 
0026                  00060 SUBE_PASAJEROS  
0026   1C08           00061                 btfss     PORTD, 0  ; Verifica si el botón de ingreso de pasajeros se dejo de presionar
0027   2???           00062                 goto      SUBE_PASAJEROS
                      00063                 
0028   3009           00064                 MOVLW     0x09   ;VERIFICA QUE NO SE HAYA AUMENTADO MAS DE 9 PASAJEROS   
0029   0223           00065                 SUBWF     CONTADOR1,0
002A   1903           00066                 BTFSC     STATUS,2
002B   2???           00067                 GOTO      VerificaBTRD1
                      00068                 
002C   303C           00069                 MOVLW     d'60'       ; VERIFICA QUE EL TOTAL DE INGRESADOS NO SEA MAYOR A 60
002D   0221           00070                 SUBWF     CONTADOR2,0
002E   1903           00071                 BTFSC     STATUS,2
002F   2???           00072                 GOTO      VerificaBTRD1
                      00073                 
0030   0AA1           00074                 INCF      CONTADOR2,1 ; INCREMENTA CONTADOR DE PASAJEROS INGRESADOS EN 1
0031   0821           00075                 MOVF CONTADOR2, 0
0032   0085           00076                 MOVWF     PORTA
                      00077                 
                      00078                 
                      00079                 
0033   0AA3           00080                 INCF CONTADOR1, 1 ; INCREMENTA EL CONTADOR DE PASAJEROS EN EL VEHICULO EN 1
0034   0823           00081                 MOVF CONTADOR1, 0
0035   2???           00082                 CALL      Tabla1 ; BUSCA EL VALOR DEL DISPLAY EQUIVALENTE A DONDE SALTE CONTADOR1
0036   0086           00083                 MOVWF     PORTB
0037   2???           00084                 GOTO      VerificaBTRD1; Vuelve a verificar BOTONES.
MPASM 5.87             NEWPIC_8B_GENERAL.ASM   6-15-2023  17:27:12         PAGE  3


LOC  OBJECT CODE     LINE SOURCE TEXT
  VALUE

                      00085 
0038                  00086 BAJA_PASAJEROS
0038   1C88           00087                 btfss     PORTD, 1  ; Verifica si el botón de salida de pasajeros se dejo de presionar
0039   2???           00088                 goto      BAJA_PASAJEROS
                      00089                 
003A   3000           00090                 MOVLW     0x00        ; VERIFICA QUE NO SE HAYA DISMINUIDO MÁS DE 0 PASAJEROS
003B   0223           00091                 SUBWF     CONTADOR1,0
003C   1903           00092                 BTFSC     STATUS,2
003D   2???           00093                 GOTO      VerificaBTRD1
                      00094                 
003E   303C           00095                 MOVLW     d'60'        ; VERIFICA QUE NO SE HAYA PASADO DE 60 LA CANTIDAD DE PASAJEROS Q
                            UE SALIERON
003F   0222           00096                 SUBWF     CONTADOR3,0
0040   1903           00097                 BTFSC     STATUS,2
0041   2???           00098                 GOTO      VerificaBTRD1
                      00099                 
0042   0AA2           00100                 INCF      CONTADOR3,1 ; INCRMEENTA EN 1 EL CONTADOR DE PASAJEROS QUE SALIERON
0043   0822           00101                 MOVF CONTADOR3, 0
0044   0087           00102                 MOVWF     PORTC
                      00103                 
                      00104                 
                      00105                 
                      00106                 
0045   03A3           00107                 DECF      CONTADOR1,1 ; DECREMENTA EN EL CONTADOR DE PASAJEROS EN EL VEHICULO
0046   0823           00108                 MOVF CONTADOR1, 0
0047   2???           00109                 CALL      Tabla1 ; BUSCA EL VALOR DEL DISPLAY EQUIVALENTE A DONDE SALTE CONTADOR1
0048   0086           00110                 MOVWF     PORTB
0049   2???           00111                 GOTO      VerificaBTRD1; Vuelve a verificar BOTONES.
                      00112 
                      00113                 
004A   0782           00114 Tabla1  addwf    PCL, f      ; Tabla de datos para el display de 7 segmentos
004B   343F           00115         retlw    b'00111111'                            
004C   3406           00116         retlw    b'00000110'             
004D   345B           00117         retlw    b'01011011'     
004E   344F           00118         retlw    b'01001111'   
004F   3466           00119         retlw    b'01100110'
0050   346D           00120         retlw    b'01101101'    ; 5
0051   347D           00121         retlw    b'01111101'    ; 6
0052   3407           00122         retlw    b'00000111'    ; 7
0053   347F           00123         retlw    b'01111111'    ; 8
0054   346F           00124         retlw    b'01101111'    ; 9
0055   0008           00125         return
                      00126 
Warning[205]: Found directive in column 1. (end)
                      00127 end
MPASM 5.87             NEWPIC_8B_GENERAL.ASM   6-15-2023  17:27:12         PAGE  4


SYMBOL TABLE
  LABEL                             VALUE 

ACKDT                             00000005
ACKEN                             00000004
ACKSTAT                           00000006
ADCON0                            0000001F
ADCON1                            0000009F
ADCS0                             00000006
ADCS1                             00000007
ADDEN                             00000003
ADFM                              00000007
ADIE                              00000006
ADIF                              00000006
ADON                              00000000
ADRESH                            0000001E
ADRESL                            0000009E
BAJA_PASAJEROS                    00000038
BCLIE                             00000003
BCLIF                             00000003
BF                                00000000
BRGH                              00000002
C                                 00000000
CCP1CON                           00000017
CCP1IE                            00000002
CCP1IF                            00000002
CCP1M0                            00000000
CCP1M1                            00000001
CCP1M2                            00000002
CCP1M3                            00000003
CCP1X                             00000005
CCP1Y                             00000004
CCP2CON                           0000001D
CCP2IE                            00000000
CCP2IF                            00000000
CCP2M0                            00000000
CCP2M1                            00000001
CCP2M2                            00000002
CCP2M3                            00000003
CCP2X                             00000005
CCP2Y                             00000004
CCPR1                             00000015
CCPR1H                            00000016
CCPR1L                            00000015
CCPR2                             0000001B
CCPR2H                            0000001C
CCPR2L                            0000001B
CHS0                              00000003
CHS1                              00000004
CHS2                              00000005
CKE                               00000006
CKP                               00000004
CONTADOR1                         00000023
CONTADOR2                         00000021
CONTADOR3                         00000022
CREN                              00000004
MPASM 5.87             NEWPIC_8B_GENERAL.ASM   6-15-2023  17:27:12         PAGE  5


SYMBOL TABLE
  LABEL                             VALUE 

CSRC                              00000007
D                                 00000005
DATA_ADDRESS                      00000005
DC                                00000001
D_A                               00000005
D_NOT_A                           00000005
EEADR                             0000010D
EEADRH                            0000010F
EECON1                            0000018C
EECON2                            0000018D
EEDATA                            0000010C
EEDATH                            0000010E
EEIE                              00000004
EEIF                              00000004
EEPGD                             00000007
F                                 00000001
FERR                              00000002
FSR                               00000004
GCEN                              00000007
GIE                               00000007
GO                                00000002
GO_DONE                           00000002
GO_NOT_DONE                       00000002
I2C_DATA                          00000005
I2C_READ                          00000002
I2C_START                         00000003
I2C_STOP                          00000004
IBF                               00000007
IBOV                              00000005
INDF                              00000000
INTCON                            0000000B
INTE                              00000004
INTEDG                            00000006
INTF                              00000001
IRP                               00000007
Inicio                            00000005
NOT_A                             00000005
NOT_ADDRESS                       00000005
NOT_BO                            00000000
NOT_BOR                           00000000
NOT_DONE                          00000002
NOT_PD                            00000003
NOT_POR                           00000001
NOT_RBPU                          00000007
NOT_RC8                           00000006
NOT_T1SYNC                        00000002
NOT_TO                            00000004
NOT_TX8                           00000006
NOT_W                             00000002
NOT_WRITE                         00000002
OBF                               00000006
OERR                              00000001
OPTION_REG                        00000081
MPASM 5.87             NEWPIC_8B_GENERAL.ASM   6-15-2023  17:27:12         PAGE  6


SYMBOL TABLE
  LABEL                             VALUE 

P                                 00000004
PCFG0                             00000000
PCFG1                             00000001
PCFG2                             00000002
PCFG3                             00000003
PCL                               00000002
PCLATH                            0000000A
PCON                              0000008E
PEIE                              00000006
PEN                               00000002
PIE1                              0000008C
PIE2                              0000008D
PIR1                              0000000C
PIR2                              0000000D
PORTA                             00000005
PORTB                             00000006
PORTC                             00000007
PORTD                             00000008
PORTE                             00000009
PR2                               00000092
PS0                               00000000
PS1                               00000001
PS2                               00000002
PSA                               00000003
PSPIE                             00000007
PSPIF                             00000007
PSPMODE                           00000004
R                                 00000002
RA0                               00000000
RA1                               00000001
RA2                               00000002
RA3                               00000003
RA4                               00000004
RA5                               00000005
RB0                               00000000
RB1                               00000001
RB2                               00000002
RB3                               00000003
RB4                               00000004
RB5                               00000005
RB6                               00000006
RB7                               00000007
RBIE                              00000003
RBIF                              00000000
RC0                               00000000
RC1                               00000001
RC2                               00000002
RC3                               00000003
RC4                               00000004
RC5                               00000005
RC6                               00000006
RC7                               00000007
RC8_9                             00000006
MPASM 5.87             NEWPIC_8B_GENERAL.ASM   6-15-2023  17:27:12         PAGE  7


SYMBOL TABLE
  LABEL                             VALUE 

RC9                               00000006
RCD8                              00000000
RCEN                              00000003
RCIE                              00000005
RCIF                              00000005
RCREG                             0000001A
RCSTA                             00000018
RD                                00000000
RD0                               00000000
RD1                               00000001
RD2                               00000002
RD3                               00000003
RD4                               00000004
RD5                               00000005
RD6                               00000006
RD7                               00000007
RE0                               00000000
RE1                               00000001
RE2                               00000002
READ_WRITE                        00000002
REINICIO                          00000017
RP0                               00000005
RP1                               00000006
RSEN                              00000001
RX9                               00000006
RX9D                              00000000
R_NOT_W                           00000002
R_W                               00000002
S                                 00000003
SEN                               00000000
SMP                               00000007
SPBRG                             00000099
SPEN                              00000007
SREN                              00000005
SSPADD                            00000093
SSPBUF                            00000013
SSPCON                            00000014
SSPCON2                           00000091
SSPEN                             00000005
SSPIE                             00000003
SSPIF                             00000003
SSPM0                             00000000
SSPM1                             00000001
SSPM2                             00000002
SSPM3                             00000003
SSPOV                             00000006
SSPSTAT                           00000094
STATUS                            00000003
SUBE_PASAJEROS                    00000026
SYNC                              00000004
T0CS                              00000005
T0IE                              00000005
T0IF                              00000002
MPASM 5.87             NEWPIC_8B_GENERAL.ASM   6-15-2023  17:27:12         PAGE  8


SYMBOL TABLE
  LABEL                             VALUE 

T0SE                              00000004
T1CKPS0                           00000004
T1CKPS1                           00000005
T1CON                             00000010
T1INSYNC                          00000002
T1OSCEN                           00000003
T1SYNC                            00000002
T2CKPS0                           00000000
T2CKPS1                           00000001
T2CON                             00000012
TMR0                              00000001
TMR0IE                            00000005
TMR0IF                            00000002
TMR1                              0000000E
TMR1CS                            00000001
TMR1H                             0000000F
TMR1IE                            00000000
TMR1IF                            00000000
TMR1L                             0000000E
TMR1ON                            00000000
TMR2                              00000011
TMR2IE                            00000001
TMR2IF                            00000001
TMR2ON                            00000002
TOUTPS0                           00000003
TOUTPS1                           00000004
TOUTPS2                           00000005
TOUTPS3                           00000006
TRISA                             00000085
TRISA0                            00000000
TRISA1                            00000001
TRISA2                            00000002
TRISA3                            00000003
TRISA4                            00000004
TRISA5                            00000005
TRISB                             00000086
TRISB0                            00000000
TRISB1                            00000001
TRISB2                            00000002
TRISB3                            00000003
TRISB4                            00000004
TRISB5                            00000005
TRISB6                            00000006
TRISB7                            00000007
TRISC                             00000087
TRISC0                            00000000
TRISC1                            00000001
TRISC2                            00000002
TRISC3                            00000003
TRISC4                            00000004
TRISC5                            00000005
TRISC6                            00000006
TRISC7                            00000007
MPASM 5.87             NEWPIC_8B_GENERAL.ASM   6-15-2023  17:27:12         PAGE  9


SYMBOL TABLE
  LABEL                             VALUE 

TRISD                             00000088
TRISD0                            00000000
TRISD1                            00000001
TRISD2                            00000002
TRISD3                            00000003
TRISD4                            00000004
TRISD5                            00000005
TRISD6                            00000006
TRISD7                            00000007
TRISE                             00000089
TRISE0                            00000000
TRISE1                            00000001
TRISE2                            00000002
TRMT                              00000001
TX8_9                             00000006
TX9                               00000006
TX9D                              00000000
TXD8                              00000000
TXEN                              00000005
TXIE                              00000004
TXIF                              00000004
TXREG                             00000019
TXSTA                             00000098
Tabla1                            0000004A
UA                                00000001
VerificaBTRD1                     00000017
VerificaBTRD2                     0000001A
VerificaBTRD3                     0000001D
W                                 00000000
WCOL                              00000007
WR                                00000001
WREN                              00000002
WRERR                             00000003
Z                                 00000002
_BODEN_OFF                        00003FBF
_BODEN_ON                         00003FFF
_BOREN_OFF                        00003FBF
_BOREN_ON                         00003FFF
_CONFIG                           00002007
_CPD_OFF                          00003FFF
_CPD_ON                           00003EFF
_CP_ALL                           00000FCF
_CP_HALF                          00001FDF
_CP_OFF                           00003FFF
_CP_UPPER_256                     00002FEF
_DEBUG_OFF                        00003FFF
_DEBUG_ON                         000037FF
_DEVID1                           00002006
_FOSC_EXTRC                       00003FFF
_FOSC_HS                          00003FFE
_FOSC_LP                          00003FFC
_FOSC_XT                          00003FFD
_HS_OSC                           00003FFE
MPASM 5.87             NEWPIC_8B_GENERAL.ASM   6-15-2023  17:27:12         PAGE 10


SYMBOL TABLE
  LABEL                             VALUE 

_IDLOC0                           00002000
_IDLOC1                           00002001
_IDLOC2                           00002002
_IDLOC3                           00002003
_LP_OSC                           00003FFC
_LVP_OFF                          00003F7F
_LVP_ON                           00003FFF
_PWRTE_OFF                        00003FFF
_PWRTE_ON                         00003FF7
_RC_OSC                           00003FFF
_WDTE_OFF                         00003FFB
_WDTE_ON                          00003FFF
_WDT_OFF                          00003FFB
_WDT_ON                           00003FFF
_WRT_ENABLE_OFF                   00003DFF
_WRT_ENABLE_ON                    00003FFF
_WRT_OFF                          00003DFF
_WRT_ON                           00003FFF
_XT_OSC                           00003FFD
__16F877                          00000001

Errors   :     1
Warnings :     7 reported,     0 suppressed
Messages :     4 reported,     0 suppressed

